<?xml version="1.0" encoding="UTF-8"?>
<!-- Generated by org.testng.reporters.JUnitReportReporter -->
<testsuite hostname="DESKTOP-9UM4G0E" failures="0" tests="2" name="blazedemo.testScripts.BookAFlight" time="0.617" errors="1" timestamp="2020-10-29T16:36:57 IST" skipped="1">
  <testcase classname="blazedemo.testScripts.BookAFlight" name="onInitilise" time="0.617">
    <error message="Could not initialize class java.io.FilePermission" type="java.lang.NoClassDefFoundError">
      <![CDATA[java.lang.NoClassDefFoundError: Could not initialize class java.io.FilePermission
at java.base/jdk.internal.logger.LoggerFinderLoader.<clinit>(LoggerFinderLoader.java:46)
at java.base/java.lang.System$LoggerFinder.lambda$accessProvider$0(System.java:1642)
at java.base/java.security.AccessController.doPrivileged(AccessController.java:391)
at java.base/java.security.AccessController.doPrivileged(AccessController.java:449)
at java.base/java.lang.System$LoggerFinder.accessProvider(System.java:1643)
at java.base/java.lang.System$LoggerFinder.getLoggerFinder(System.java:1631)
at java.base/jdk.internal.logger.LazyLoggers.accessLoggerFinder(LazyLoggers.java:339)
at java.base/jdk.internal.logger.LazyLoggers.getLoggerFromFinder(LazyLoggers.java:389)
at java.base/jdk.internal.logger.LazyLoggers.getLazyLogger(LazyLoggers.java:444)
at java.base/jdk.internal.logger.LazyLoggers.getLogger(LazyLoggers.java:414)
at java.base/java.lang.System.getLogger(System.java:1693)
at java.base/jdk.internal.event.EventHelper.isLoggingSecurity(EventHelper.java:148)
at java.base/sun.security.provider.X509Factory.commitEvent(X509Factory.java:773)
at java.base/sun.security.provider.X509Factory.engineGenerateCertificate(X509Factory.java:108)
at java.base/java.security.cert.CertificateFactory.generateCertificate(CertificateFactory.java:355)
at java.base/sun.security.provider.JavaKeyStore.engineLoad(JavaKeyStore.java:766)
at java.base/sun.security.util.KeyStoreDelegator.engineLoad(KeyStoreDelegator.java:241)
at java.base/java.security.KeyStore.load(KeyStore.java:1472)
at java.base/sun.security.ssl.TrustStoreManager$TrustAnchorManager.loadKeyStore(TrustStoreManager.java:390)
at java.base/sun.security.ssl.TrustStoreManager$TrustAnchorManager.getTrustedCerts(TrustStoreManager.java:336)
at java.base/sun.security.ssl.TrustStoreManager.getTrustedCerts(TrustStoreManager.java:56)
at java.base/sun.security.ssl.TrustManagerFactoryImpl.engineInit(TrustManagerFactoryImpl.java:49)
at java.base/javax.net.ssl.TrustManagerFactory.init(TrustManagerFactory.java:281)
at okhttp3.internal.Util.platformTrustManager(Util.java:664)
at okhttp3.OkHttpClient.<init>(OkHttpClient.java:248)
at okhttp3.OkHttpClient$Builder.build(OkHttpClient.java:927)
at org.openqa.selenium.remote.internal.OkHttpClient$Factory$1.createClient(OkHttpClient.java:158)
at org.openqa.selenium.remote.http.HttpClient$Factory.createClient(HttpClient.java:82)
at org.openqa.selenium.remote.HttpCommandExecutor.<init>(HttpCommandExecutor.java:89)
at org.openqa.selenium.remote.HttpCommandExecutor.<init>(HttpCommandExecutor.java:72)
at org.openqa.selenium.remote.service.DriverCommandExecutor.<init>(DriverCommandExecutor.java:63)
at org.openqa.selenium.chrome.ChromeDriverCommandExecutor.<init>(ChromeDriverCommandExecutor.java:46)
at org.openqa.selenium.chrome.ChromeDriver.<init>(ChromeDriver.java:181)
at org.openqa.selenium.chrome.ChromeDriver.<init>(ChromeDriver.java:168)
at org.openqa.selenium.chrome.ChromeDriver.<init>(ChromeDriver.java:123)
at com.automation.framework.core.FrameworkScript.onInitilise(FrameworkScript.java:25)
at java.base/jdk.internal.reflect.NativeMethodAccessorImpl.invoke0(Native Method)
at java.base/jdk.internal.reflect.NativeMethodAccessorImpl.invoke(NativeMethodAccessorImpl.java:62)
at java.base/jdk.internal.reflect.DelegatingMethodAccessorImpl.invoke(DelegatingMethodAccessorImpl.java:43)
at java.base/java.lang.reflect.Method.invoke(Method.java:564)
at org.testng.internal.MethodInvocationHelper.invokeMethod(MethodInvocationHelper.java:132)
at org.testng.internal.MethodInvocationHelper.invokeMethodConsideringTimeout(MethodInvocationHelper.java:61)
at org.testng.internal.ConfigInvoker.invokeConfigurationMethod(ConfigInvoker.java:366)
at org.testng.internal.ConfigInvoker.invokeConfigurations(ConfigInvoker.java:320)
at org.testng.internal.TestInvoker.runConfigMethods(TestInvoker.java:701)
at org.testng.internal.TestInvoker.invokeMethod(TestInvoker.java:527)
at org.testng.internal.TestInvoker.invokeTestMethod(TestInvoker.java:174)
at org.testng.internal.MethodRunner.runInSequence(MethodRunner.java:46)
at org.testng.internal.TestInvoker$MethodInvocationAgent.invoke(TestInvoker.java:822)
at org.testng.internal.TestInvoker.invokeTestMethods(TestInvoker.java:147)
at org.testng.internal.TestMethodWorker.invokeTestMethods(TestMethodWorker.java:146)
at org.testng.internal.TestMethodWorker.run(TestMethodWorker.java:128)
at java.base/java.util.ArrayList.forEach(ArrayList.java:1511)
at org.testng.TestRunner.privateRun(TestRunner.java:764)
at org.testng.TestRunner.run(TestRunner.java:585)
at org.testng.SuiteRunner.runTest(SuiteRunner.java:384)
at org.testng.SuiteRunner.runSequentially(SuiteRunner.java:378)
at org.testng.SuiteRunner.privateRun(SuiteRunner.java:337)
at org.testng.SuiteRunner.run(SuiteRunner.java:286)
at org.testng.SuiteRunnerWorker.runSuite(SuiteRunnerWorker.java:53)
at org.testng.SuiteRunnerWorker.run(SuiteRunnerWorker.java:96)
at org.testng.TestNG.runSuitesSequentially(TestNG.java:1218)
at org.testng.TestNG.runSuitesLocally(TestNG.java:1140)
at org.testng.TestNG.runSuites(TestNG.java:1069)
at org.testng.TestNG.run(TestNG.java:1037)
at org.testng.remote.AbstractRemoteTestNG.run(AbstractRemoteTestNG.java:115)
at org.testng.remote.RemoteTestNG.initAndRun(RemoteTestNG.java:251)
at org.testng.remote.RemoteTestNG.main(RemoteTestNG.java:77)
]]>
    </error>
  </testcase> <!-- onInitilise -->
  <system-out/>
  <testcase classname="blazedemo.testScripts.BookAFlight" name="bookAFlight" time="0.000">
    <skipped/>
  </testcase> <!-- bookAFlight -->
  <system-out/>
</testsuite> <!-- blazedemo.testScripts.BookAFlight -->
